<?xml version="1.0" encoding="UTF-8"?>
<coverage generated="1647770508619" clover="3.2.0">
  <project timestamp="1647770508619" name="All files">
    <metrics statements="56" coveredstatements="51" conditionals="20" coveredconditionals="20" methods="16" coveredmethods="13" elements="92" coveredelements="84" complexity="0" loc="56" ncloc="56" packages="2" files="6" classes="6"/>
    <package name="server">
      <metrics statements="44" coveredstatements="44" conditionals="20" coveredconditionals="20" methods="9" coveredmethods="9"/>
      <file name="config.js" path="/home/gbdev/git/aulas/semana-js-expert-06/server/config.js">
        <metrics statements="4" coveredstatements="4" conditionals="2" coveredconditionals="2" methods="0" coveredmethods="0"/>
        <line num="3" count="3" type="stmt"/>
        <line num="4" count="3" type="stmt"/>
        <line num="5" count="3" type="stmt"/>
        <line num="6" count="3" type="stmt"/>
      </file>
      <file name="controller.js" path="/home/gbdev/git/aulas/semana-js-expert-06/server/controller.js">
        <metrics statements="2" coveredstatements="2" conditionals="0" coveredconditionals="0" methods="2" coveredmethods="2"/>
        <line num="5" count="2" type="stmt"/>
        <line num="9" count="1" type="stmt"/>
      </file>
      <file name="routes.js" path="/home/gbdev/git/aulas/semana-js-expert-06/server/routes.js">
        <metrics statements="28" coveredstatements="28" conditionals="18" coveredconditionals="18" methods="4" coveredmethods="4"/>
        <line num="9" count="1" type="stmt"/>
        <line num="11" count="1" type="stmt"/>
        <line num="14" count="8" type="stmt"/>
        <line num="16" count="8" type="cond" truecount="4" falsecount="0"/>
        <line num="17" count="1" type="stmt"/>
        <line num="21" count="1" type="stmt"/>
        <line num="24" count="7" type="cond" truecount="4" falsecount="0"/>
        <line num="25" count="1" type="stmt"/>
        <line num="32" count="1" type="stmt"/>
        <line num="35" count="6" type="cond" truecount="4" falsecount="0"/>
        <line num="36" count="1" type="stmt"/>
        <line num="38" count="1" type="stmt"/>
        <line num="42" count="5" type="cond" truecount="2" falsecount="0"/>
        <line num="43" count="4" type="stmt"/>
        <line num="44" count="2" type="stmt"/>
        <line num="46" count="2" type="cond" truecount="2" falsecount="0"/>
        <line num="47" count="1" type="stmt"/>
        <line num="52" count="2" type="stmt"/>
        <line num="55" count="1" type="stmt"/>
        <line num="56" count="1" type="stmt"/>
        <line num="60" count="2" type="cond" truecount="2" falsecount="0"/>
        <line num="61" count="1" type="stmt"/>
        <line num="62" count="1" type="stmt"/>
        <line num="63" count="1" type="stmt"/>
        <line num="66" count="1" type="stmt"/>
        <line num="67" count="1" type="stmt"/>
        <line num="68" count="1" type="stmt"/>
        <line num="72" count="8" type="stmt"/>
      </file>
      <file name="service.js" path="/home/gbdev/git/aulas/semana-js-expert-06/server/service.js">
        <metrics statements="8" coveredstatements="8" conditionals="0" coveredconditionals="0" methods="3" coveredmethods="3"/>
        <line num="8" count="3" type="stmt"/>
        <line num="12" count="1" type="stmt"/>
        <line num="16" count="1" type="stmt"/>
        <line num="18" count="1" type="stmt"/>
        <line num="19" count="1" type="stmt"/>
        <line num="21" count="1" type="stmt"/>
        <line num="28" count="1" type="stmt"/>
        <line num="29" count="1" type="stmt"/>
      </file>
      <file name="utils.js" path="/home/gbdev/git/aulas/semana-js-expert-06/server/utils.js">
        <metrics statements="2" coveredstatements="2" conditionals="0" coveredconditionals="0" methods="0" coveredmethods="0"/>
        <line num="3" count="1" type="stmt"/>
        <line num="13" count="1" type="stmt"/>
      </file>
    </package>
    <package name="tests.unit._util">
      <metrics statements="12" coveredstatements="7" conditionals="0" coveredconditionals="0" methods="7" coveredmethods="4"/>
      <file name="testUtil.js" path="/home/gbdev/git/aulas/semana-js-expert-06/tests/unit/_util/testUtil.js">
        <metrics statements="12" coveredstatements="7" conditionals="0" coveredconditionals="0" methods="7" coveredmethods="4"/>
        <line num="6" count="15" type="stmt"/>
        <line num="8" count="0" type="stmt"/>
        <line num="9" count="0" type="stmt"/>
        <line num="12" count="0" type="stmt"/>
        <line num="17" count="8" type="stmt"/>
        <line num="19" count="0" type="stmt"/>
        <line num="21" count="0" type="stmt"/>
        <line num="27" count="8" type="stmt"/>
        <line num="30" count="8" type="stmt"/>
        <line num="32" count="8" type="stmt"/>
        <line num="44" count="8" type="stmt"/>
        <line num="45" count="8" type="stmt"/>
      </file>
    </package>
  </project>
</coverage>
